Determining if the pthread_create exist failed with the following output:
Change Dir: /mnt/c/Users/singh/Desktop/SchoolProje/003_ServervTCP_inBuild/cmake-build-debug/CMakeFiles/CMakeTmp

Run Build Command:"/usr/bin/make" "cmTC_b4547/fast"
/usr/bin/make -f CMakeFiles/cmTC_b4547.dir/build.make CMakeFiles/cmTC_b4547.dir/build
make[1]: Entering directory '/mnt/c/Users/singh/Desktop/SchoolProje/003_ServervTCP_inBuild/cmake-build-debug/CMakeFiles/CMakeTmp'
Building C object CMakeFiles/cmTC_b4547.dir/CheckSymbolExists.c.o
/usr/bin/cc    -o CMakeFiles/cmTC_b4547.dir/CheckSymbolExists.c.o   -c /mnt/c/Users/singh/Desktop/SchoolProje/003_ServervTCP_inBuild/cmake-build-debug/CMakeFiles/CMakeTmp/CheckSymbolExists.c
Linking C executable cmTC_b4547
/usr/bin/cmake -E cmake_link_script CMakeFiles/cmTC_b4547.dir/link.txt --verbose=1
/usr/bin/cc      CMakeFiles/cmTC_b4547.dir/CheckSymbolExists.c.o  -o cmTC_b4547 
CMakeFiles/cmTC_b4547.dir/CheckSymbolExists.c.o: In function `main':
CheckSymbolExists.c:(.text+0x1b): undefined reference to `pthread_create'
collect2: error: ld returned 1 exit status
CMakeFiles/cmTC_b4547.dir/build.make:97: recipe for target 'cmTC_b4547' failed
make[1]: *** [cmTC_b4547] Error 1
make[1]: Leaving directory '/mnt/c/Users/singh/Desktop/SchoolProje/003_ServervTCP_inBuild/cmake-build-debug/CMakeFiles/CMakeTmp'
Makefile:126: recipe for target 'cmTC_b4547/fast' failed
make: *** [cmTC_b4547/fast] Error 2

File /mnt/c/Users/singh/Desktop/SchoolProje/003_ServervTCP_inBuild/cmake-build-debug/CMakeFiles/CMakeTmp/CheckSymbolExists.c:
/* */
#include <pthread.h>

int main(int argc, char** argv)
{
  (void)argv;
#ifndef pthread_create
  return ((int*)(&pthread_create))[argc];
#else
  (void)argc;
  return 0;
#endif
}

Determining if the function pthread_create exists in the pthreads failed with the following output:
Change Dir: /mnt/c/Users/singh/Desktop/SchoolProje/003_ServervTCP_inBuild/cmake-build-debug/CMakeFiles/CMakeTmp

Run Build Command:"/usr/bin/make" "cmTC_c4a5f/fast"
/usr/bin/make -f CMakeFiles/cmTC_c4a5f.dir/build.make CMakeFiles/cmTC_c4a5f.dir/build
make[1]: Entering directory '/mnt/c/Users/singh/Desktop/SchoolProje/003_ServervTCP_inBuild/cmake-build-debug/CMakeFiles/CMakeTmp'
Building C object CMakeFiles/cmTC_c4a5f.dir/CheckFunctionExists.c.o
/usr/bin/cc   -DCHECK_FUNCTION_EXISTS=pthread_create   -o CMakeFiles/cmTC_c4a5f.dir/CheckFunctionExists.c.o   -c /usr/share/cmake-3.10/Modules/CheckFunctionExists.c
Linking C executable cmTC_c4a5f
/usr/bin/cmake -E cmake_link_script CMakeFiles/cmTC_c4a5f.dir/link.txt --verbose=1
/usr/bin/cc  -DCHECK_FUNCTION_EXISTS=pthread_create    CMakeFiles/cmTC_c4a5f.dir/CheckFunctionExists.c.o  -o cmTC_c4a5f -lpthreads 
/usr/bin/ld: cannot find -lpthreads
collect2: error: ld returned 1 exit status
CMakeFiles/cmTC_c4a5f.dir/build.make:97: recipe for target 'cmTC_c4a5f' failed
make[1]: *** [cmTC_c4a5f] Error 1
make[1]: Leaving directory '/mnt/c/Users/singh/Desktop/SchoolProje/003_ServervTCP_inBuild/cmake-build-debug/CMakeFiles/CMakeTmp'
Makefile:126: recipe for target 'cmTC_c4a5f/fast' failed
make: *** [cmTC_c4a5f/fast] Error 2


